\BOOKMARK [0][-]{part*.2}{\376\377\000P\000a\000r\000t\000e\000\040\000I\000:\000\040\000M\000a\000n\000i\000f\000e\000s\000t\000o\000\040\000d\000a\000\040\000U\000n\000i\000f\000i\000c\000a\000\347\000\343\000o}{}% 1
\BOOKMARK [1][-]{section.I.1}{\376\377\000O\000\040\000A\000x\000i\000o\000m\000a\000\040\000P\000r\000i\000m\000o\000r\000d\000i\000a\000l\000:\000\040\000A\000\040\000g\000r\000a\000v\000i\000d\000a\000d\000e\000\040\000\351\000\040\000o\000\040\000r\000a\000d\000i\000c\000a\000l\000\040\000d\000a\000\040\000l\000u\000z}{part*.2}% 2
\BOOKMARK [1][-]{section.I.2}{\376\377\000A\000\040\000N\000a\000t\000u\000r\000e\000z\000a\000\040\000d\000o\000\040\000G\000r\000\341\000v\000i\000t\000o\000n\000:\000\040\000O\000\040\000O\000p\000e\000r\000a\000d\000o\000r\000\040\000`\000`\000=\000'\000'}{part*.2}% 3
\BOOKMARK [1][-]{section.I.3}{\376\377\000A\000\040\000L\000e\000i\000\040\000d\000o\000\040\000R\000a\000d\000i\000c\000a\000l\000\040\000G\000r\000a\000v\000i\000t\000a\000c\000i\000o\000n\000a\000l}{part*.2}% 4
\BOOKMARK [1][-]{section.I.4}{\376\377\000A\000\040\000C\000o\000n\000s\000t\000a\000n\000t\000e\000\040\000d\000e\000\040\000M\000i\000g\000u\000e\000l\000\040\000\050\0002\000\051}{part*.2}% 5
\BOOKMARK [1][-]{section.I.5}{\376\377\000O\000\040\000C\000r\000i\000s\000t\000a\000l\000\040\0001\000D\000\040\000e\000\040\000a\000\040\000N\000o\000s\000t\000a\000l\000g\000i\000a\000\040\000d\000a\000\040\000O\000r\000i\000g\000e\000m}{part*.2}% 6
\BOOKMARK [1][-]{section.I.6}{\376\377\000O\000\040\000C\000a\000m\000p\000o\000\040\000\040\000e\000\040\000a\000\040\000L\000i\000g\000a\000\347\000\343\000o\000\040\000P\000s\000i\000\364\000n\000i\000c\000a}{part*.2}% 7
\BOOKMARK [1][-]{section.I.7}{\376\377\000N\000e\000u\000t\000r\000i\000n\000o\000s\000\040\000c\000o\000m\000o\000\040\000V\000a\000p\000o\000r\000\040\000O\000n\000t\000o\000l\000\363\000g\000i\000c\000o}{part*.2}% 8
\BOOKMARK [1][-]{section.I.8}{\376\377\000A\000\040\000E\000n\000e\000r\000g\000i\000a\000\040\000E\000s\000c\000u\000r\000a\000\040\000c\000o\000m\000o\000\040\000D\000i\000s\000s\000i\000p\000a\000\347\000\343\000o\000\040\000L\000i\000n\000d\000b\000l\000a\000d}{part*.2}% 9
\BOOKMARK [1][-]{section.I.9}{\376\377\000A\000\040\000F\000o\000r\000\347\000a\000\040\000d\000e\000\040\000E\000x\000p\000u\000l\000s\000\343\000o\000\040\000e\000\040\000o\000\040\000\302\000n\000g\000u\000l\000o\000\040\000d\000e\000\040\000D\000e\000f\000l\000e\000x\000\343\000o}{part*.2}% 10
\BOOKMARK [2][-]{subsection.I.9.1}{\376\377\000A\000\040\000G\000r\000a\000v\000i\000d\000a\000d\000e\000\040\000c\000o\000m\000o\000\040\000A\000t\000r\000i\000t\000o\000\040\000T\000o\000p\000o\000l\000\363\000g\000i\000c\000o}{section.I.9}% 11
\BOOKMARK [1][-]{section.I.10}{\376\377\000S\000e\000g\000u\000n\000d\000a\000\040\000L\000e\000i\000\040\000d\000a\000\040\000T\000G\000L\000:\000\040\000A\000\040\000L\000e\000i\000\040\000d\000o\000\040\000T\000e\000n\000s\000i\000o\000n\000a\000m\000e\000n\000t\000o\000\040\000d\000e\000\040\000M\000i\000g\000u\000e\000l}{part*.2}% 12
\BOOKMARK [1][-]{section.I.11}{\376\377\000A\000\040\000E\000m\000e\000r\000g\000\352\000n\000c\000i\000a\000\040\000d\000e\000\040\0003\000+\0001\000\040\000D\000i\000m\000e\000n\000s\000\365\000e\000s}{part*.2}% 13
\BOOKMARK [1][-]{section.I.12}{\376\377\000A\000\040\000A\000\347\000\343\000o\000\040\000C\000o\000m\000p\000l\000e\000t\000a\000\040\000d\000a\000\040\000T\000G\000L}{part*.2}% 14
\BOOKMARK [1][-]{section.I.13}{\376\377\000S\000\355\000n\000t\000e\000s\000e\000\040\000e\000\040\000U\000n\000i\000f\000i\000c\000a\000\347\000\343\000o\000:\000\040\000A\000\040\000E\000q\000u\000a\000\347\000\343\000o\000\040\000d\000o\000\040\000B\000o\000u\000n\000d\000a\000r\000y}{part*.2}% 15
\BOOKMARK [0][-]{section*.3}{\376\377\000P\000a\000r\000t\000e\000\040\000I\000I\000:\000\040\000A\000\040\000T\000e\000n\000s\000\343\000o\000\040\000F\000u\000n\000d\000a\000m\000e\000n\000t\000a\000l}{}% 16
\BOOKMARK [1][-]{section.II.1}{\376\377\000O\000\040\000P\000r\000o\000b\000l\000e\000m\000a\000\040\000d\000a\000\040\000T\000e\000r\000c\000e\000i\000r\000a\000\040\000D\000i\000m\000e\000n\000s\000\343\000o}{section*.3}% 17
\BOOKMARK [1][-]{section.II.2}{\376\377\000E\000s\000t\000r\000u\000t\000u\000r\000a\000\040\000M\000a\000t\000e\000m\000\341\000t\000i\000c\000a\000\040\000d\000o\000\040\000B\000o\000u\000n\000d\000a\000r\000y}{section*.3}% 18
\BOOKMARK [2][-]{subsection.II.2.1}{\376\377\000O\000\040\000E\000s\000p\000a\000\347\000o\000\040\000d\000e\000\040\000H\000i\000l\000b\000e\000r\000t\000\040\000B\000i\000d\000i\000m\000e\000n\000s\000i\000o\000n\000a\000l}{section.II.2}% 19
\BOOKMARK [2][-]{subsection.II.2.2}{\376\377\000O\000\040\000O\000p\000e\000r\000a\000d\000o\000r\000\040\000d\000e\000\040\000P\000a\000r\000i\000d\000a\000d\000e}{section.II.2}% 20
\BOOKMARK [2][-]{subsection.II.2.3}{\376\377\000O\000s\000\040\000P\000s\000i\000o\000n\000s}{section.II.2}% 21
\BOOKMARK [1][-]{section.II.3}{\376\377\000O\000\040\000G\000r\000\341\000v\000i\000t\000o\000n\000\040\000c\000o\000m\000o\000\040\000L\000i\000g\000a\000\347\000\343\000o\000\040\000d\000e\000\040\000P\000a\000r\000i\000d\000a\000d\000e\000s\000\040\000O\000p\000o\000s\000t\000a\000s}{section*.3}% 22
\BOOKMARK [2][-]{subsection.II.3.1}{\376\377\000D\000e\000f\000i\000n\000i\000\347\000\343\000o\000\040\000d\000o\000\040\000E\000s\000t\000a\000d\000o\000\040\000G\000r\000a\000v\000i\000t\000\364\000n\000i\000c\000o}{section.II.3}% 23
\BOOKMARK [2][-]{subsection.II.3.2}{\376\377\000P\000a\000r\000i\000d\000a\000d\000e\000\040\000d\000o\000\040\000G\000r\000\341\000v\000i\000t\000o\000n}{section.II.3}% 24
\BOOKMARK [1][-]{section.II.4}{\376\377\000O\000\040\000H\000a\000m\000i\000l\000t\000o\000n\000i\000a\000n\000o\000\040\000d\000e\000\040\000L\000i\000g\000a\000\347\000\343\000o\000\040\000e\000\040\000a\000\040\000T\000e\000n\000s\000\343\000o\000\040\000d\000e\000\040\000P\000a\000r\000i\000d\000a\000d\000e}{section*.3}% 25
\BOOKMARK [2][-]{subsection.II.4.1}{\376\377\000H\000a\000m\000i\000l\000t\000o\000n\000i\000a\000n\000o\000\040\000d\000e\000\040\000L\000i\000g\000a\000\347\000\343\000o}{section.II.4}% 26
\BOOKMARK [2][-]{subsection.II.4.2}{\376\377\000A\000n\000t\000i\000c\000o\000m\000u\000t\000a\000\347\000\343\000o\000\040\000c\000o\000m\000\040\000P\000a\000r\000i\000d\000a\000d\000e}{section.II.4}% 27
\BOOKMARK [2][-]{subsection.II.4.3}{\376\377\000O\000\040\000C\000o\000m\000u\000t\000a\000d\000o\000r\000\040\000e\000\040\000a\000\040\000T\000e\000n\000s\000\343\000o}{section.II.4}% 28
\BOOKMARK [1][-]{section.II.5}{\376\377\000E\000m\000e\000r\000g\000\352\000n\000c\000i\000a\000\040\000d\000a\000\040\000T\000e\000r\000c\000e\000i\000r\000a\000\040\000D\000i\000m\000e\000n\000s\000\343\000o}{section*.3}% 29
\BOOKMARK [2][-]{subsection.II.5.1}{\376\377\000O\000\040\000P\000r\000i\000n\000c\000\355\000p\000i\000o\000\040\000V\000a\000r\000i\000a\000c\000i\000o\000n\000a\000l}{section.II.5}% 30
\BOOKMARK [2][-]{subsection.II.5.2}{\376\377\000E\000q\000u\000a\000\347\000\343\000o\000\040\000d\000e\000\040\000E\000q\000u\000i\000l\000\355\000b\000r\000i\000o}{section.II.5}% 31
\BOOKMARK [2][-]{subsection.II.5.3}{\376\377\000S\000o\000l\000u\000\347\000\343\000o\000\040\000p\000a\000r\000a\000\040\000L\000i\000g\000a\000\347\000\343\000o\000\040\000L\000o\000c\000a\000l\000i\000z\000a\000d\000a}{section.II.5}% 32
\BOOKMARK [2][-]{subsection.II.5.4}{\376\377\000I\000d\000e\000n\000t\000i\000f\000i\000c\000a\000\347\000\343\000o\000\040\000d\000o\000s\000\040\000P\000a\000r\000\342\000m\000e\000t\000r\000o\000s}{section.II.5}% 33
\BOOKMARK [1][-]{section.II.6}{\376\377\000A\000\040\000E\000q\000u\000a\000\347\000\343\000o\000\040\000F\000u\000n\000d\000a\000m\000e\000n\000t\000a\000l}{section*.3}% 34
\BOOKMARK [2][-]{subsection.II.6.1}{\376\377\000R\000e\000l\000a\000\347\000\343\000o\000\040\000E\000n\000e\000r\000g\000i\000a\040\023\000C\000o\000m\000p\000r\000i\000m\000e\000n\000t\000o\000\040\000d\000e\000\040\000O\000n\000d\000a}{section.II.6}% 35
\BOOKMARK [2][-]{subsection.II.6.2}{\376\377\000A\000\040\000T\000e\000n\000s\000\343\000o\000\040\000c\000o\000m\000o\000\040\000F\000r\000e\000q\000u\000\352\000n\000c\000i\000a}{section.II.6}% 36
\BOOKMARK [2][-]{subsection.II.6.3}{\376\377\000O\000\040\000C\000o\000m\000p\000r\000i\000m\000e\000n\000t\000o\000\040\000d\000e\000\040\000O\000n\000d\000a\000\040\000c\000o\000m\000o\000\040\000P\000r\000o\000f\000u\000n\000d\000i\000d\000a\000d\000e}{section.II.6}% 37
\BOOKMARK [2][-]{subsection.II.6.4}{\376\377\000S\000o\000m\000\040\000O\000n\000t\000o\000l\000\363\000g\000i\000c\000o\000:\000\040\000O\000n\000d\000a\000s\000\040\000L\000o\000n\000g\000i\000t\000u\000d\000i\000n\000a\000i\000s\000\040\000d\000a\000\040\000P\000r\000o\000f\000u\000n\000d\000i\000d\000a\000d\000e\000\040\000E\000m\000e\000r\000g\000e\000n\000t\000e}{section.II.6}% 38
\BOOKMARK [2][-]{subsection.II.6.5}{\376\377\000A\000\040\000R\000a\000z\000\343\000o\000\040\000d\000e\000\040\000A\000m\000p\000l\000i\000f\000i\000c\000a\000\347\000\343\000o}{section.II.6}% 39
\BOOKMARK [1][-]{section.II.7}{\376\377\000I\000n\000t\000e\000r\000p\000r\000e\000t\000a\000\347\000\343\000o\000\040\000F\000\355\000s\000i\000c\000a}{section*.3}% 40
\BOOKMARK [2][-]{subsection.II.7.1}{\376\377\000A\000\040\000O\000r\000i\000g\000e\000m\000\040\000d\000o\000\040\000E\000s\000p\000a\000\347\000o}{section.II.7}% 41
\BOOKMARK [2][-]{subsection.II.7.2}{\376\377\000A\000\040\000N\000a\000t\000u\000r\000e\000z\000a\000\040\000d\000a\000\040\000L\000u\000z}{section.II.7}% 42
\BOOKMARK [2][-]{subsection.II.7.3}{\376\377\000A\000\040\000G\000r\000a\000v\000i\000d\000a\000d\000e\000\040\000c\000o\000m\000o\000\040\000D\000o\000b\000r\000a\000\040\000E\000s\000t\000a\000c\000i\000o\000n\000\341\000r\000i\000a}{section.II.7}% 43
\BOOKMARK [2][-]{subsection.II.7.4}{\376\377\000P\000o\000r\000\040\000Q\000u\000e\000\040\000T\000r\000\352\000s\000\040\000D\000i\000m\000e\000n\000s\000\365\000e\000s\000?}{section.II.7}% 44
\BOOKMARK [1][-]{section.II.8}{\376\377\000C\000o\000n\000c\000l\000u\000s\000\365\000e\000s\000\040\000d\000a\000\040\000P\000a\000r\000t\000e\000\040\000I\000I}{section*.3}% 45
\BOOKMARK [0][-]{section*.4}{\376\377\000P\000a\000r\000t\000e\000\040\000I\000I\000I\000:\000\040\000F\000o\000r\000m\000a\000l\000i\000s\000m\000o\000\040\000L\000a\000g\000r\000a\000n\000g\000i\000a\000n\000o}{}% 46
\BOOKMARK [1][-]{section.III.1}{\376\377\000A\000\040\000L\000a\000g\000r\000a\000n\000g\000i\000a\000n\000a\000\040\000H\000o\000l\000o\000g\000r\000\341\000f\000i\000c\000a\000\040\000R\000a\000d\000i\000c\000a\000l\000i\000z\000a\000d\000a}{section*.4}% 47
\BOOKMARK [2][-]{subsection.III.1.1}{\376\377\000D\000a\000\040\000L\000a\000g\000r\000a\000n\000g\000i\000a\000n\000a\000\040\000C\000l\000\341\000s\000s\000i\000c\000a\000\040\000\340\000\040\000R\000a\000d\000i\000c\000a\000l\000i\000z\000a\000\347\000\343\000o}{section.III.1}% 48
\BOOKMARK [2][-]{subsection.III.1.2}{\376\377\000O\000\040\000O\000p\000e\000r\000a\000d\000o\000r\000\040\000d\000e\000\040\000L\000i\000b\000e\000r\000a\000\347\000\343\000o\000\040\000G\000e\000o\000m\000\351\000t\000r\000i\000c\000a\000\040\000g\000-\0001}{section.III.1}% 49
\BOOKMARK [2][-]{subsection.III.1.3}{\376\377\000S\000i\000g\000n\000i\000f\000i\000c\000a\000d\000o\000\040\000O\000n\000t\000o\000l\000\363\000g\000i\000c\000o\000:\000\040\000A\000\040\000R\000e\000d\000u\000\347\000\343\000o\000\040\000D\000i\000m\000e\000n\000s\000i\000o\000n\000a\000l}{section.III.1}% 50
\BOOKMARK [2][-]{subsection.III.1.4}{\376\377\000E\000q\000u\000a\000\347\000\365\000e\000s\000\040\000d\000e\000\040\000M\000a\000x\000w\000e\000l\000l\000\040\000M\000o\000d\000i\000f\000i\000c\000a\000d\000a\000s}{section.III.1}% 51
\BOOKMARK [2][-]{subsection.III.1.5}{\376\377\000O\000\040\000C\000a\000m\000p\000o\000\040\000C\000r\000\355\000t\000i\000c\000o}{section.III.1}% 52
\BOOKMARK [2][-]{subsection.III.1.6}{\376\377\000C\000o\000n\000e\000x\000\343\000o\000\040\000c\000o\000m\000\040\000B\000e\000k\000e\000n\000s\000t\000e\000i\000n\000-\000H\000a\000w\000k\000i\000n\000g}{section.III.1}% 53
\BOOKMARK [1][-]{section.III.2}{\376\377\000O\000\040\000A\000c\000o\000p\000l\000a\000m\000e\000n\000t\000o\000\040\000-\000C\000u\000r\000v\000a\000t\000u\000r\000a}{section*.4}% 54
\BOOKMARK [2][-]{subsection.III.2.1}{\376\377\000D\000a\000\040\000L\000u\000z\000\040\000\340\000\040\000M\000a\000t\000\351\000r\000i\000a\000:\000\040\000A\000\040\000S\000e\000g\000u\000n\000d\000a\000\040\000C\000a\000m\000a\000d\000a}{section.III.2}% 55
\BOOKMARK [2][-]{subsection.III.2.2}{\376\377\000A\000\040\000F\000u\000n\000\347\000\343\000o\000\040\000d\000e\000\040\000A\000c\000o\000p\000l\000a\000m\000e\000n\000t\000o\000\040\000e\000\040\000a\000\040\000T\000r\000a\000n\000s\000i\000\347\000\343\000o\000\040\000d\000e\000\040\000F\000a\000s\000e}{section.III.2}% 56
\BOOKMARK [2][-]{subsection.III.2.3}{\376\377\000A\000\040\000G\000r\000a\000v\000i\000d\000a\000d\000e\000\040\000c\000o\000m\000o\000\040\000G\000r\000a\000d\000i\000e\000n\000t\000e\000\040\000d\000o\000\040\000C\000a\000m\000p\000o\000\040}{section.III.2}% 57
\BOOKMARK [2][-]{subsection.III.2.4}{\376\377\000\301\000g\000u\000a\000\040\000E\000s\000c\000u\000r\000a\000:\000\040\000A\000\040\000F\000a\000s\000e\000\040\000S\000a\000t\000u\000r\000a\000d\000a\000\040\000d\000o\000\040\000C\000a\000m\000p\000o\000\040}{section.III.2}% 58
\BOOKMARK [1][-]{section.III.3}{\376\377\000A\000\040\000A\000\347\000\343\000o\000\040\000C\000o\000m\000p\000l\000e\000t\000a\000\040\000e\000\040\000E\000q\000u\000a\000\347\000\365\000e\000s\000\040\000d\000e\000\040\000M\000o\000v\000i\000m\000e\000n\000t\000o}{section*.4}% 59
\BOOKMARK [2][-]{subsection.III.3.1}{\376\377\000A\000\040\000A\000\347\000\343\000o\000\040\000T\000G\000L}{section.III.3}% 60
\BOOKMARK [2][-]{subsection.III.3.2}{\376\377\000E\000q\000u\000a\000\347\000\365\000e\000s\000\040\000d\000e\000\040\000C\000a\000m\000p\000o}{section.III.3}% 61
\BOOKMARK [2][-]{subsection.III.3.3}{\376\377\000L\000i\000m\000i\000t\000e\000s\000\040\000e\000\040\000R\000e\000c\000u\000p\000e\000r\000a\000\347\000\343\000o\000\040\000d\000a\000\040\000F\000\355\000s\000i\000c\000a\000\040\000C\000o\000n\000h\000e\000c\000i\000d\000a}{section.III.3}% 62
\BOOKMARK [2][-]{subsection.III.3.4}{\376\377\000A\000\040\000H\000i\000e\000r\000a\000r\000q\000u\000i\000a\000\040\000c\000n\000\040\000e\000\040\000a\000\040\000T\000e\000r\000c\000e\000i\000r\000a\000\040\000C\000a\000m\000a\000d\000a}{section.III.3}% 63
\BOOKMARK [1][-]{section.III.4}{\376\377\000P\000r\000e\000d\000i\000\347\000\365\000e\000s\000\040\000e\000\040\000L\000i\000m\000i\000t\000e\000s\000\040\000O\000b\000s\000e\000r\000v\000a\000c\000i\000o\000n\000a\000i\000s}{section*.4}% 64
\BOOKMARK [2][-]{subsection.III.4.1}{\376\377\000P\000r\000e\000d\000i\000\347\000\365\000e\000s\000\040\000F\000a\000l\000s\000i\000f\000i\000c\000\341\000v\000e\000i\000s}{section.III.4}% 65
\BOOKMARK [2][-]{subsection.III.4.2}{\376\377\000L\000i\000m\000i\000t\000e\000s\000\040\000O\000b\000s\000e\000r\000v\000a\000c\000i\000o\000n\000a\000i\000s\000\040\000A\000t\000u\000a\000i\000s}{section.III.4}% 66
\BOOKMARK [3][-]{subsubsection.III.4.2.1}{\376\377\000P\000V\000L\000A\000S\000:\000\040\000B\000i\000r\000r\000e\000f\000r\000i\000n\000g\000\352\000n\000c\000i\000a\000\040\000d\000o\000\040\000V\000\341\000c\000u\000o}{subsection.III.4.2}% 67
\BOOKMARK [3][-]{subsubsection.III.4.2.2}{\376\377\000A\000T\000L\000A\000S\000-\000L\000H\000C\000:\000\040\000E\000s\000p\000a\000l\000h\000a\000m\000e\000n\000t\000o\000\040}{subsection.III.4.2}% 68
\BOOKMARK [3][-]{subsubsection.III.4.2.3}{\376\377\000M\000o\000m\000e\000n\000t\000o\000\040\000M\000a\000g\000n\000\351\000t\000i\000c\000o\000\040\000A\000n\000\364\000m\000a\000l\000o\000\040\000g\000-\0002}{subsection.III.4.2}% 69
\BOOKMARK [2][-]{subsection.III.4.3}{\376\377\000T\000a\000b\000e\000l\000a\000\040\000C\000o\000n\000s\000o\000l\000i\000d\000a\000d\000a\000\040\000d\000e\000\040\000L\000i\000m\000i\000t\000e\000s}{section.III.4}% 70
\BOOKMARK [1][-]{section.III.5}{\376\377\000C\000o\000n\000c\000l\000u\000s\000\365\000e\000s\000\040\000d\000a\000\040\000P\000a\000r\000t\000e\000\040\000I\000I\000I}{section*.4}% 71
\BOOKMARK [0][-]{section*.5}{\376\377\000P\000a\000r\000t\000e\000\040\000I\000V\000:\000\040\000V\000a\000l\000i\000d\000a\000\347\000\343\000o\000\040\000A\000s\000t\000r\000o\000f\000\355\000s\000i\000c\000a}{}% 72
\BOOKMARK [1][-]{section.IV.1}{\376\377\000L\000u\000m\000i\000n\000\355\000d\000i\000o\000\040\000\050\000Z\000\040\000=\000\040\0001\0005\0006\000\051\000:\000\040\000A\000\040\000I\000l\000h\000a\000\040\000d\000e\000\040\000E\000s\000t\000a\000b\000i\000l\000i\000d\000a\000d\000e\000\040\000H\000o\000l\000o\000g\000r\000\341\000f\000i\000c\000a}{section*.5}% 73
\BOOKMARK [2][-]{subsection.IV.1.1}{\376\377\000A\000\040\000P\000r\000e\000v\000i\000s\000\343\000o\000\040\000T\000e\000\363\000r\000i\000c\000a}{section.IV.1}% 74
\BOOKMARK [2][-]{subsection.IV.1.2}{\376\377\000M\000e\000c\000a\000n\000i\000s\000m\000o\000\040\000d\000e\000\040\000E\000s\000t\000a\000b\000i\000l\000i\000z\000a\000\347\000\343\000o}{section.IV.1}% 75
\BOOKMARK [2][-]{subsection.IV.1.3}{\376\377\000P\000r\000e\000d\000i\000\347\000\365\000e\000s\000\040\000A\000b\000\040\000I\000n\000i\000t\000i\000o\000\040\000p\000a\000r\000a\000\040\000T\000r\000a\000n\000s\000i\000\347\000\365\000e\000s\000\040\000E\000s\000p\000e\000c\000t\000r\000a\000i\000s}{section.IV.1}% 76
\BOOKMARK [2][-]{subsection.IV.1.4}{\376\377\000O\000b\000s\000e\000r\000v\000a\000\347\000\365\000e\000s\000:\000\040\000E\000s\000p\000e\000c\000t\000r\000o\000s\000\040\000J\000W\000S\000T\000\040\000d\000a\000\040\000K\000i\000l\000o\000n\000o\000v\000a\000\040\000A\000T\0002\0000\0002\0003\000v\000f\000i}{section.IV.1}% 77
\BOOKMARK [2][-]{subsection.IV.1.5}{\376\377\000R\000e\000s\000u\000l\000t\000a\000d\000o\000s\000:\000\040\000B\000u\000s\000c\000a\000\040\000p\000o\000r\000\040\000L\000u\000m\000i\000n\000\355\000d\000i\000o}{section.IV.1}% 78
\BOOKMARK [3][-]{subsubsection.IV.1.5.1}{\376\377\000E\000s\000p\000e\000c\000t\000r\000o\000\040\000+\0002\0009\000\040\000d\000i\000a\000s}{subsection.IV.1.5}% 79
\BOOKMARK [3][-]{subsubsection.IV.1.5.2}{\376\377\000E\000s\000p\000e\000c\000t\000r\000o\000\040\000+\0006\0001\000\040\000d\000i\000a\000s\000:\000\040\000D\000e\000t\000e\000c\000\347\000\343\000o\000\040\000C\000o\000m\000p\000l\000e\000t\000a\000\040\000\050\0005\000/\0005\000\051}{subsection.IV.1.5}% 80
\BOOKMARK [2][-]{subsection.IV.1.6}{\376\377\000S\000i\000g\000n\000i\000f\000i\000c\000\342\000n\000c\000i\000a\000\040\000E\000s\000t\000a\000t\000\355\000s\000t\000i\000c\000a}{section.IV.1}% 81
\BOOKMARK [2][-]{subsection.IV.1.7}{\376\377\000A\000u\000s\000\352\000n\000c\000i\000a\000\040\000d\000e\000\040\000A\000l\000t\000e\000r\000n\000a\000t\000i\000v\000a\000s}{section.IV.1}% 82
\BOOKMARK [1][-]{section.IV.2}{\376\377\000E\000c\000o\000s\000\040\000G\000r\000a\000v\000i\000t\000a\000c\000i\000o\000n\000a\000i\000s\000\040\000e\000\040\000a\000\040\000L\000e\000i\000\040\000d\000e\000\040\000M\000i\000g\000u\000e\000l}{section*.5}% 83
\BOOKMARK [2][-]{subsection.IV.2.1}{\376\377\000O\000\040\000N\000e\000u\000t\000r\000i\000n\000o\000\040\000c\000o\000m\000o\000\040\000E\000c\000o\000\040\000Q\000u\000a\000n\000t\000i\000z\000a\000d\000o}{section.IV.2}% 84
\BOOKMARK [2][-]{subsection.IV.2.2}{\376\377\000A\000\040\000L\000e\000i\000\040\000d\000e\000\040\000M\000i\000g\000u\000e\000l}{section.IV.2}% 85
\BOOKMARK [2][-]{subsection.IV.2.3}{\376\377\000R\000e\000s\000u\000l\000t\000a\000d\000o\000s\000:\000\040\000A\000n\000\341\000l\000i\000s\000e\000\040\000d\000e\000\040\0001\0008\000\040\000E\000v\000e\000n\000t\000o\000s\000\040\000G\000W\000T\000C}{section.IV.2}% 86
\BOOKMARK [2][-]{subsection.IV.2.4}{\376\377\000A\000j\000u\000s\000t\000e\000\040\000L\000i\000n\000e\000a\000r\000:\000\040\000S\000l\000o\000p\000e\000\040\000U\000n\000i\000t\000\341\000r\000i\000o}{section.IV.2}% 87
\BOOKMARK [2][-]{subsection.IV.2.5}{\376\377\000V\000a\000l\000i\000d\000a\000\347\000\343\000o\000\040\000d\000e\000\040\000E\000c\000o\000s\000\040\000n\000o\000\040\000S\000i\000n\000a\000l\000\040\000G\000r\000a\000v\000i\000t\000a\000c\000i\000o\000n\000a\000l}{section.IV.2}% 88
\BOOKMARK [2][-]{subsection.IV.2.6}{\376\377\000C\000o\000m\000p\000a\000t\000i\000b\000i\000l\000i\000d\000a\000d\000e\000\040\000c\000o\000m\000\040\000N\000\343\000o\000-\000D\000e\000t\000e\000c\000\347\000\343\000o\000\040\000n\000o\000\040\000I\000c\000e\000C\000u\000b\000e}{section.IV.2}% 89
\BOOKMARK [1][-]{section.IV.3}{\376\377\000O\000\040\000L\000i\000m\000i\000t\000e\000\040\000d\000e\000\040\000L\000a\000n\000d\000a\000u\000e\000r\000\040\000C\000\363\000s\000m\000i\000c\000o}{section*.5}% 90
\BOOKMARK [2][-]{subsection.IV.3.1}{\376\377\000D\000a\000\040\000T\000e\000r\000m\000o\000d\000i\000n\000\342\000m\000i\000c\000a\000\040\000d\000a\000\040\000I\000n\000f\000o\000r\000m\000a\000\347\000\343\000o\000\040\000\340\000\040\000G\000r\000a\000v\000i\000d\000a\000d\000e}{section.IV.3}% 91
\BOOKMARK [2][-]{subsection.IV.3.2}{\376\377\000C\000o\000n\000v\000e\000r\000g\000\352\000n\000c\000i\000a\000\040\000e\000m\000\040\0009\000/\0009\000\040\000E\000v\000e\000n\000t\000o\000s}{section.IV.3}% 92
\BOOKMARK [1][-]{section.IV.4}{\376\377\000C\000o\000n\000c\000l\000u\000s\000\365\000e\000s\000\040\000d\000a\000\040\000P\000a\000r\000t\000e\000\040\000I\000V}{section*.5}% 93
\BOOKMARK [0][-]{section*.6}{\376\377\000P\000a\000r\000t\000e\000\040\000V\000:\000\040\000P\000r\000o\000t\000o\000c\000o\000l\000o\000s\000\040\000C\000o\000m\000p\000u\000t\000a\000c\000i\000o\000n\000a\000i\000s}{}% 94
\BOOKMARK [1][-]{section.V.1}{\376\377\000M\000\351\000t\000o\000d\000o\000s\000\040\000e\000\040\000I\000n\000f\000r\000a\000e\000s\000t\000r\000u\000t\000u\000r\000a\000\040\000C\000o\000m\000p\000u\000t\000a\000c\000i\000o\000n\000a\000l}{section*.6}% 95
\BOOKMARK [2][-]{subsection.V.1.1}{\376\377\000D\000e\000r\000i\000v\000a\000\347\000\343\000o\000\040\000d\000a\000\040\000C\000o\000n\000s\000t\000a\000n\000t\000e\000\040\000d\000e\000\040\000M\000i\000g\000u\000e\000l\000\040\000v\000i\000a\000\040\000M\000C\000M\000C}{section.V.1}% 96
\BOOKMARK [2][-]{subsection.V.1.2}{\376\377\000I\000n\000f\000r\000a\000e\000s\000t\000r\000u\000t\000u\000r\000a\000\040\000d\000e\000\040\000H\000a\000r\000d\000w\000a\000r\000e}{section.V.1}% 97
\BOOKMARK [1][-]{section.V.2}{\376\377\000E\000s\000c\000a\000l\000a\000\040\000O\000n\000t\000o\000l\000\363\000g\000i\000c\000a\000:\000\040\000A\000\040\000O\000r\000i\000g\000e\000m\000\040\000d\000a\000\040\000G\000e\000o\000m\000e\000t\000r\000i\000a}{section*.6}% 98
\BOOKMARK [1][-]{section.V.3}{\376\377\000E\000s\000c\000a\000l\000a\000\040\000M\000i\000c\000r\000o\000-\000Q\000u\000\342\000n\000t\000i\000c\000a\000:\000\040\000F\000\355\000s\000i\000c\000a\000\040\000d\000e\000\040\000P\000a\000r\000t\000\355\000c\000u\000l\000a\000s\000\040\000e\000\040\000E\000s\000p\000e\000c\000t\000r\000o\000s\000c\000o\000p\000i\000a}{section*.6}% 99
\BOOKMARK [1][-]{section.V.4}{\376\377\000E\000s\000c\000a\000l\000a\000\040\000d\000e\000\040\000I\000n\000f\000o\000r\000m\000a\000\347\000\343\000o\000:\000\040\000P\000a\000r\000a\000d\000i\000g\000m\000a\000\040\000D\000i\000g\000i\000t\000a\000l\000\040\000e\000\040\000C\000o\000n\000s\000c\000i\000\352\000n\000c\000i\000a}{section*.6}% 100
\BOOKMARK [1][-]{section.V.5}{\376\377\000E\000s\000c\000a\000l\000a\000\040\000M\000a\000c\000r\000o\000-\000C\000o\000s\000m\000o\000l\000\363\000g\000i\000c\000a\000:\000\040\000A\000\040\000G\000r\000a\000n\000d\000e\000\040\000P\000r\000o\000j\000e\000\347\000\343\000o}{section*.6}% 101
\BOOKMARK [1][-]{section.V.6}{\376\377\000E\000v\000i\000d\000\352\000n\000c\000i\000a\000\040\000\043\0001\0000\000:\000\040\000H\000i\000e\000r\000a\000r\000q\000u\000i\000a\000\040\000d\000a\000s\000\040\000D\000o\000b\000r\000a\000s\000\040\000\050\000c\0003\000\040\000V\000a\000l\000i\000d\000a\000t\000o\000r\000\040\000v\0005\000.\0002\000\051}{section*.6}% 102
\BOOKMARK [2][-]{subsection.V.6.1}{\376\377\000F\000u\000n\000d\000a\000m\000e\000n\000t\000o\000:\000\040\000A\000\040\000H\000i\000e\000r\000a\000r\000q\000u\000i\000a\000\040\000d\000a\000s\000\040\000D\000o\000b\000r\000a\000s}{section.V.6}% 103
\BOOKMARK [2][-]{subsection.V.6.2}{\376\377\000M\000\351\000t\000o\000d\000o\000:\000\040\000S\000u\000p\000e\000r\000o\000p\000e\000r\000a\000d\000o\000r\000\040\000E\000x\000a\000t\000o\000\040\000d\000e\000\040\000L\000i\000n\000d\000b\000l\000a\000d}{section.V.6}% 104
\BOOKMARK [2][-]{subsection.V.6.3}{\376\377\000R\000e\000s\000u\000l\000t\000a\000d\000o\000s\000:\000\040\0009\000/\0009\000\040\000C\000o\000n\000f\000i\000g\000u\000r\000a\000\347\000\365\000e\000s\000,\000\040\0003\0003\000/\0003\0005\000\040\000E\000s\000t\000r\000e\000l\000a\000s}{section.V.6}% 105
\BOOKMARK [2][-]{subsection.V.6.4}{\376\377\000I\000n\000t\000e\000r\000p\000r\000e\000t\000a\000\347\000\343\000o\000:\000\040\000O\000\040\000P\000i\000s\000o\000\040\000d\000e\000\040\000D\000o\000b\000r\000a\000s\000\040\000c\000o\000m\000o\000\040\000B\000o\000u\000n\000d\000a\000r\000y}{section.V.6}% 106
\BOOKMARK [1][-]{section.V.7}{\376\377\000E\000v\000i\000d\000\352\000n\000c\000i\000a\000\040\000\043\0001\0001\000:\000\040\000P\000r\000o\000t\000o\000c\000o\000l\000o\000\040\000d\000e\000\040\000C\000o\000l\000a\000p\000s\000o\000\040\000I\000A\000L\000D}{section*.6}% 107
\BOOKMARK [2][-]{subsection.V.7.1}{\376\377\000F\000u\000n\000d\000a\000m\000e\000n\000t\000o\000\040\000T\000e\000\363\000r\000i\000c\000o}{section.V.7}% 108
\BOOKMARK [2][-]{subsection.V.7.2}{\376\377\000M\000e\000c\000a\000n\000i\000s\000m\000o\000\040\000d\000e\000\040\000C\000o\000l\000a\000p\000s\000o}{section.V.7}% 109
\BOOKMARK [2][-]{subsection.V.7.3}{\376\377\000S\000u\000b\000s\000t\000r\000a\000t\000o\000s\000\040\000T\000e\000s\000t\000a\000d\000o\000s}{section.V.7}% 110
\BOOKMARK [2][-]{subsection.V.7.4}{\376\377\000I\000n\000t\000e\000r\000p\000r\000e\000t\000a\000\347\000\343\000o\000:\000\040\000O\000\040\000C\000o\000l\000a\000p\000s\000o\000\040\000c\000o\000m\000o\000\040\000E\000s\000t\000a\000b\000i\000l\000i\000z\000a\000\347\000\343\000o}{section.V.7}% 111
\BOOKMARK [1][-]{section.V.8}{\376\377\000S\000\355\000n\000t\000e\000s\000e\000:\000\040\000O\000\040\000E\000c\000o\000s\000s\000i\000s\000t\000e\000m\000a\000\040\000d\000e\000\040\000V\000a\000l\000i\000d\000a\000\347\000\343\000o}{section*.6}% 112
\BOOKMARK [2][-]{subsection.V.8.1}{\376\377\000C\000o\000n\000v\000e\000r\000g\000\352\000n\000c\000i\000a\000\040\000M\000u\000l\000t\000i\000-\000D\000o\000m\000\355\000n\000i\000o}{section.V.8}% 113
\BOOKMARK [2][-]{subsection.V.8.2}{\376\377\000L\000i\000m\000i\000t\000a\000\347\000\365\000e\000s\000\040\000A\000t\000u\000a\000i\000s\000\040\000e\000\040\000T\000r\000a\000n\000s\000p\000a\000r\000\352\000n\000c\000i\000a}{section.V.8}% 114
\BOOKMARK [2][-]{subsection.V.8.3}{\376\377\000C\000\363\000d\000i\000g\000o\000-\000F\000o\000n\000t\000e\000\040\000e\000\040\000R\000e\000p\000r\000o\000d\000u\000t\000i\000b\000i\000l\000i\000d\000a\000d\000e}{section.V.8}% 115
\BOOKMARK [1][-]{section.V.9}{\376\377\000C\000o\000n\000c\000l\000u\000s\000\365\000e\000s\000\040\000d\000a\000\040\000P\000a\000r\000t\000e\000\040\000V}{section*.6}% 116
\BOOKMARK [0][-]{section*.7}{\376\377\000P\000a\000r\000t\000e\000\040\000V\000I\000:\000\040\000S\000\355\000n\000t\000e\000s\000e\000\040\000e\000\040\000R\000e\000s\000u\000l\000t\000a\000d\000o\000s}{}% 117
\BOOKMARK [1][-]{section.VI.1}{\376\377\000P\000a\000n\000o\000r\000a\000m\000a\000\040\000d\000o\000s\000\040\0004\0003\000\040\000O\000b\000s\000e\000r\000v\000\341\000v\000e\000i\000s}{section*.7}% 118
\BOOKMARK [2][-]{subsection.VI.1.1}{\376\377\000D\000i\000s\000t\000r\000i\000b\000u\000i\000\347\000\343\000o\000\040\000p\000o\000r\000\040\000C\000a\000t\000e\000g\000o\000r\000i\000a}{section.VI.1}% 119
\BOOKMARK [1][-]{section.VI.2}{\376\377\000T\000a\000b\000e\000l\000a\000\040\000C\000o\000m\000p\000l\000e\000t\000a\000\040\000d\000o\000s\000\040\0004\0003\000\040\000O\000b\000s\000e\000r\000v\000\341\000v\000e\000i\000s}{section*.7}% 120
\BOOKMARK [1][-]{section.VI.3}{\376\377\000C\000o\000n\000v\000e\000r\000g\000\352\000n\000c\000i\000a\000\040\000M\000u\000l\000t\000i\000-\000E\000s\000c\000a\000l\000a\000:\000\040\0004\0000\000\040\000O\000r\000d\000e\000n\000s\000\040\000d\000e\000\040\000M\000a\000g\000n\000i\000t\000u\000d\000e}{section*.7}% 121
\BOOKMARK [1][-]{section.VI.4}{\376\377\000R\000e\000s\000o\000l\000u\000\347\000\343\000o\000\040\000d\000a\000\040\000T\000e\000n\000s\000\343\000o\000\040\000d\000e\000\040\000H\000u\000b\000b\000l\000e}{section*.7}% 122
\BOOKMARK [1][-]{section.VI.5}{\376\377\000F\000a\000l\000s\000i\000f\000i\000c\000a\000b\000i\000l\000i\000d\000a\000d\000e\000\040\000d\000a\000\040\000T\000G\000L}{section*.7}% 123
\BOOKMARK [1][-]{section.VI.6}{\376\377\000T\000a\000b\000e\000l\000a\000\040\000d\000e\000\040\000S\000\355\000n\000t\000e\000s\000e\000\040\000M\000u\000l\000t\000i\000-\000D\000o\000m\000\355\000n\000i\000o}{section*.7}% 124
\BOOKMARK [1][-]{section*.8}{\376\377\000C\000o\000n\000c\000l\000u\000s\000\343\000o}{section*.7}% 125
\BOOKMARK [1][-]{section*.9}{\376\377\000R\000e\000f\000e\000r\000\352\000n\000c\000i\000a\000s}{section*.7}% 126
\BOOKMARK [1][-]{section*.10}{\376\377\000A\000p\000\352\000n\000d\000i\000c\000e\000\040\000A\000:\000\040\000T\000e\000r\000m\000o\000d\000i\000n\000\342\000m\000i\000c\000a\000\040\000d\000a\000\040\000C\000o\000n\000s\000c\000i\000\352\000n\000c\000i\000a}{section*.7}% 127
\BOOKMARK [2][-]{section*.11}{\376\377\000A\000.\0001\000\040\000M\000o\000t\000i\000v\000a\000\347\000\343\000o}{section*.10}% 128
\BOOKMARK [2][-]{section*.11}{\376\377\000A\000.\0002\000\040\000O\000\040\000F\000u\000n\000c\000i\000o\000n\000a\000l\000\040\000d\000e\000\040\000C\000o\000n\000s\000c\000i\000\352\000n\000c\000i\000a}{section*.10}% 129
\BOOKMARK [2][-]{equation.1}{\376\377\000A\000.\0003\000\040\000O\000\040\000H\000a\000m\000i\000l\000t\000o\000n\000i\000a\000n\000o\000\040\000L\000u\000m\000i\000n\000o\000d\000i\000n\000\342\000m\000i\000c\000o}{section*.10}% 130
\BOOKMARK [2][-]{equation.2}{\376\377\000A\000.\0004\000\040\000E\000q\000u\000a\000\347\000\343\000o\000\040\000M\000e\000s\000t\000r\000a\000\040\000d\000e\000\040\000L\000i\000n\000d\000b\000l\000a\000d}{section*.10}% 131
\BOOKMARK [2][-]{table.1}{\376\377\000A\000.\0005\000\040\000D\000i\000s\000t\000r\000i\000b\000u\000i\000\347\000\343\000o\000\040\000d\000e\000\040\000G\000i\000b\000b\000s\000\040\000M\000o\000d\000i\000f\000i\000c\000a\000d\000a}{section*.10}% 132
\BOOKMARK [2][-]{equation.6}{\376\377\000A\000.\0006\000\040\000M\000\351\000t\000r\000i\000c\000a\000s\000\040\000O\000b\000s\000e\000r\000v\000\341\000v\000e\000i\000s}{section*.10}% 133
\BOOKMARK [2][-]{Item.101}{\376\377\000A\000.\0007\000\040\000P\000e\000s\000o\000\040\000L\000u\000m\000i\000n\000o\000d\000i\000n\000\342\000m\000i\000c\000o\000\040\000d\000a\000\040\000M\000e\000m\000\363\000r\000i\000a}{section*.10}% 134
\BOOKMARK [2][-]{equation.8}{\376\377\000A\000.\0008\000\040\000A\000p\000l\000i\000c\000a\000\347\000\343\000o\000:\000\040\000C\000o\000l\000a\000p\000s\000o\000\040\000I\000A\000L\000D\000\040\000e\000m\000\040\000L\000L\000M\000s}{section*.10}% 135
\BOOKMARK [2][-]{Item.109}{\376\377\000A\000.\0009\000\040\000O\000\040\000G\000r\000a\000d\000i\000e\000n\000t\000e\000\040\000\311\000t\000i\000c\000o}{section*.10}% 136
\BOOKMARK [2][-]{equation.9}{\376\377\000A\000.\0001\0000\000\040\000C\000o\000n\000e\000x\000\343\000o\000\040\000c\000o\000m\000\040\000a\000\040\000F\000\355\000s\000i\000c\000a\000\040\000F\000u\000n\000d\000a\000m\000e\000n\000t\000a\000l}{section*.10}% 137
